

Starting up. 14:20.29
---------------------


ADMIN: Loading jobban_rank
ADMIN: Updating jobbanfile!
ADMIN: Loading Banlist
GAME: Explosion with size (-1, -1, 2) in area Terralabs 
GAME: Explosion with size (-1, -1, 2) in area Terralabs 
GAME: Explosion with size (-1, -1, 2) in area Terralabs 
GAME: Explosion with size (-1, -1, 2) in area Terralabs 
GAME: Explosion with size (-1, -1, 2) in area Terralabs 
ADMIN: LordZakida has started the game.
ACCESS: Logout: *no client*/(LordZakida)
ACCESS: Login: LordZakida/(Dragon Toast) from 127.0.0.1
SAY: Ian/ : Bark!
SAY: Ian/ : YAP
GAME: SQL ERROR during player polling. Failed to connect.
ADMIN: LordZakida/(Dragon Toast) jumped to Ruskie Transport Shuttle - Satellite
GAME: SQL ERROR during admin polling. Failed to connect.
ADMIN: LordZakida/(Dragon Toast) jumped to 182,261,5 in Supply Shuttle
ACCESS: Logout: *no client*/(Dragon Toast)
ACCESS: Login: LordZakida/(Dragon Toast) from 127.0.0.1
ACCESS: Logout: *no client*/(Dragon Toast)
ACCESS: Login: LordZakida/(Dragon Toast) from 127.0.0.1
ACCESS: Logout: *no client*/(Dragon Toast)
ACCESS: Login: LordZakida/(Dragon Toast) from 127.0.0.1
ADMIN: LordZakida/(Dragon Toast) jumped to Centcom Emergency Shuttle
ACCESS: Logout: *no client*/(Dragon Toast)
ACCESS: Login: LordZakida/(Dragon Toast) from 127.0.0.1
SAY: Ian/ : YAP
SAY: Ian/ : YAP
ADMIN: LordZakida/(Dragon Toast) jumped to Head of Personnel's Quarters
ADMIN: LordZakida/(Dragon Toast) has granted LordZakida full access.
SAY: Dragon Toast (as Central Command)/LordZakida : blarg
ACCESS: Logout: LordZakida/(Dragon Toast)


Starting up. 15:52.25
---------------------


ADMIN: Loading jobban_rank
ADMIN: Updating jobbanfile!
ADMIN: Loading Banlist
GAME: Explosion with size (-1, -1, 2) in area Terralabs 
GAME: Explosion with size (-1, -1, 2) in area Terralabs 
GAME: Explosion with size (-1, -1, 2) in area Terralabs 
GAME: Explosion with size (-1, -1, 2) in area Terralabs 
ADMIN: LordZakida/(LordZakida) jumped to Terralabs Main
GAME: Explosion with size (-1, -1, 2) in area Terralabs 
ADMIN: LordZakida/(LordZakida) jumped to Terralabs
ADMIN: LordZakida/(LordZakida) jumped to Terralabs
ADMIN: LordZakida/(LordZakida) spawned /obj/critter/melterling at (171,130,4)
GAME: Explosion with size (-1, -1, 2) in area Terralabs 
ADMIN: LordZakida has started the game.
ACCESS: Logout: *no client*/(LordZakida)
ACCESS: Login: LordZakida/(Dragon Toast) from 127.0.0.1
ADMIN: LordZakida/(Dragon Toast) jumped to Ruskie Transport Shuttle - Centcom
ADMIN: LordZakida/(Dragon Toast) jumped to Ruskie DJ Station
ADMIN: LordZakida/(Dragon Toast) jumped to 184,276,5 in Ruskie DJ Station
ADMIN: LordZakida/(Dragon Toast) jumped to Head of Personnel's Quarters
ADMIN: LordZakida/(Dragon Toast) has granted LordZakida full access.
GAME: SQL ERROR during player polling. Failed to connect.
SAY: Dragon Toast/LordZakida : blarg
GAME: SQL ERROR during admin polling. Failed to connect.
SAY: Ian/ : Bark!
ADMIN: LordZakida/(Dragon Toast) jumped to 102,157,1 in Cafeteria
ADMIN: LordZakida/(Dragon Toast) jumped to 102,156,1 in Medbay
ADMIN: LordZakida/(Dragon Toast) jumped to 102,156,1 in Medbay
ADMIN: LordZakida/(Dragon Toast) jumped to 102,157,1 in Cafeteria
SAY: Ian/ : Bark!
SAY: Ian/ : AUUUUUU
GAME: SQL ERROR during player polling. Failed to connect.
GAME: SQL ERROR during admin polling. Failed to connect.
SAY: Runtime/ : HSSSSS
SAY: Runtime/ : Meow!
SAY: Runtime/ : Meow!
GAME: SQL ERROR during player polling. Failed to connect.
SAY: Ian/ : Woof!
GAME: SQL ERROR during admin polling. Failed to connect.
SAY: Ian/ : Woof!
SAY: Runtime/ : Meow!
GAME: SQL ERROR during player polling. Failed to connect.
GAME: SQL ERROR during admin polling. Failed to connect.
GAME: SQL ERROR during death reporting. Failed to connect.
SAY: Ian/ : AUUUUUU
SAY: Runtime/ : Meow!
SAY: Runtime/ : HSSSSS
GAME: SQL ERROR during player polling. Failed to connect.
GAME: SQL ERROR during admin polling. Failed to connect.
SAY: Runtime/ : HSSSSS
SAY: Runtime/ : HSSSSS
GAME: SQL ERROR during player polling. Failed to connect.
SAY: Ian/ : YAP
GAME: SQL ERROR during admin polling. Failed to connect.
SAY: Runtime/ : Purr!
SAY: Runtime/ : HSSSSS
SAY: Ian/ : Bark!
GAME: SQL ERROR during player polling. Failed to connect.
GAME: SQL ERROR during admin polling. Failed to connect.
SAY: Runtime/ : HSSSSS
SAY: Ian/ : YAP
ADMIN: LordZakida/(Dragon Toast) created an explosion (10,15,19,86) at (137,134,1)
GAME: Explosion with size (10, 15, 19) in area Quartermaster's Office 
GAME: Explosion with size (-1, 0, 2) in area Starboard Maintenance 
ACCESS: Logout: *no client*/(Dragon Toast)
ACCESS: Login: LordZakida/(Dragon Toast) from 127.0.0.1
ACCESS: Logout: LordZakida/(Dragon Toast)
