

Starting up. 12:34.40
---------------------


ADMIN: Loading jobban_rank
ADMIN: jobban_keylist was empty
ADMIN: Updating jobbanfile!
ADMIN: Loading Banlist
ACCESS: Logout: Guest-2094813359/(Guest-2094813359)


Starting up. 15:20.26
---------------------


ADMIN: Loading jobban_rank
ADMIN: jobban_keylist was empty
ADMIN: Updating jobbanfile!
ADMIN: Loading Banlist
ACCESS: Logout: *no client*/(Guest-2094813359)
ACCESS: Login: Guest-2094813359/(Damian Steele) from 127.0.0.1
SAY: Ian/ : Bark!
ACCESS: Logout: Guest-2094813359/(Damian Steele)
ACCESS: Logout: *no client*/(Tauka Usanake)
ACCESS: Login: Tauka Usanake/(Tauka Usanake) from 127.0.0.1
ACCESS: Notice: Tauka Usanake/(Tauka Usanake) has same IP address as Guest-2094813359/(Damian Steele) did (Guest-2094813359/(Damian Steele) is no longer logged in).
ACCESS: Notice: Tauka Usanake/(Tauka Usanake) has same computer ID as Guest-2094813359/(Damian Steele) did (Guest-2094813359/(Damian Steele) is no longer logged in).
GAME: SQL ERROR during player polling. Failed to connect.
GAME: SQL ERROR during admin polling. Failed to connect.
ACCESS: Logout: Tauka Usanake/(Tauka Usanake)


Starting up. 15:38.20
---------------------


ADMIN: Loading jobban_rank
ADMIN: jobban_keylist was empty
ADMIN: Updating jobbanfile!
ADMIN: Loading Banlist
ACCESS: Logout: *no client*/(Tauka Usanake)
ACCESS: Login: Tauka Usanake/(Sadie Meowsalot) from 127.0.0.1
ADMIN: Tauka Usanake/(Sadie Meowsalot) made Tauka Usanake/(Sadie Meowsalot) drop everything!
ACCESS: Logout: Tauka Usanake/(Sadie Meowsalot)


Starting up. 15:53.30
---------------------


ADMIN: Loading jobban_rank
ADMIN: jobban_keylist was empty
ADMIN: Updating jobbanfile!
ADMIN: Loading Banlist
ADMIN: Tauka Usanake has started the game.
ACCESS: Logout: *no client*/(Tauka Usanake)
ACCESS: Login: Tauka Usanake/(Tauka Usanake) from 127.0.0.1
SAY: Ian/ : AUUUUUU
ADMIN: Tauka Usanake/(Tauka Usanake) made Tauka Usanake/(Tauka Usanake) drop everything!
ADMIN: Tauka Usanake/(Tauka Usanake) modified Tauka Usanake's hair_icon_state to hair_kitty
GAME: SQL ERROR during player polling. Failed to connect.
ACCESS: Logout: Tauka Usanake/(Tauka Usanake)


Starting up. 16:07.24
---------------------


ADMIN: Loading jobban_rank
ADMIN: jobban_keylist was empty
ADMIN: Updating jobbanfile!
ADMIN: Loading Banlist
ADMIN: Tauka Usanake has started the game.
ACCESS: Logout: *no client*/(Tauka Usanake)
ACCESS: Login: Tauka Usanake/(Tauka Usanake) from 127.0.0.1
ADMIN: Tauka Usanake/(Tauka Usanake) made Tauka Usanake/(Tauka Usanake) drop everything!
SAY: Ian/ : AUUUUUU
ACCESS: Logout: Tauka Usanake/(Tauka Usanake)


Starting up. 16:17.48
---------------------


ADMIN: Loading jobban_rank
ADMIN: jobban_keylist was empty
ADMIN: Updating jobbanfile!
ADMIN: Loading Banlist
ADMIN: Tauka Usanake has started the game.
ACCESS: Logout: *no client*/(Tauka Usanake)
ACCESS: Login: Tauka Usanake/(Tauka Usanake) from 127.0.0.1
ADMIN: Tauka Usanake/(Tauka Usanake) made Tauka Usanake/(Tauka Usanake) drop everything!
ACCESS: Logout: Tauka Usanake/(Tauka Usanake)


Starting up. 16:28.12
---------------------


ADMIN: Loading jobban_rank
ADMIN: jobban_keylist was empty
ADMIN: Updating jobbanfile!
ADMIN: Loading Banlist
ADMIN: Tauka Usanake has started the game.
ACCESS: Logout: *no client*/(Tauka Usanake)
ACCESS: Login: Tauka Usanake/(Tauka Usanake) from 127.0.0.1
ADMIN: Tauka Usanake/(Tauka Usanake) made Tauka Usanake/(Tauka Usanake) drop everything!
ACCESS: Logout: Tauka Usanake/(Tauka Usanake)


Starting up. 16:38.33
---------------------


ADMIN: Loading jobban_rank
ADMIN: jobban_keylist was empty
ADMIN: Updating jobbanfile!
ADMIN: Loading Banlist
ADMIN: Tauka Usanake has started the game.
ACCESS: Logout: *no client*/(Tauka Usanake)
ACCESS: Login: Tauka Usanake/(Tauka Usanake) from 127.0.0.1
ADMIN: Tauka Usanake/(Tauka Usanake) made Tauka Usanake/(Tauka Usanake) drop everything!
ADMIN: Tauka Usanake/(Tauka Usanake) made Tauka Usanake/(Tauka Usanake) drop everything!
GAME: SQL ERROR during player polling. Failed to connect.
ADMIN: Tauka Usanake/(Tauka Usanake) created an explosion (10,10,10,-1) at (107,137,1)
GAME: Explosion with size (10, 10, 10) in area Genetics 
GAME: SQL ERROR during death reporting. Failed to connect.
ACCESS: Logout: *no client*/(Tauka Usanake)
ACCESS: Login: Tauka Usanake/(Tauka Usanake) from 127.0.0.1
GAME: SQL ERROR during admin polling. Failed to connect.
ACCESS: Logout: Tauka Usanake/(Tauka Usanake)


Starting up. 16:49.42
---------------------


ADMIN: Loading jobban_rank
ADMIN: jobban_keylist was empty
ADMIN: Updating jobbanfile!
ADMIN: Loading Banlist
SAY: Ian/ : Woof!
ACCESS: Logout: *no client*/(Tauka Usanake)
ACCESS: Login: Tauka Usanake/(Tauka Usanake) from 127.0.0.1
SAY: Ian/ : AUUUUUU
ADMIN: Tauka Usanake/(Tauka Usanake) made Tauka Usanake/(Tauka Usanake) drop everything!
ACCESS: Logout: Tauka Usanake/(Tauka Usanake)
