

Starting up. 21:23.01
---------------------


ADMIN: Loading jobban_rank
ADMIN: Updating jobbanfile!
ADMIN: Loading Banlist
ACCESS: Logout: *no client*/(LordZakida)
ACCESS: Login: LordZakida/(Dragon Toast) from 127.0.0.1
ADMIN: LordZakida/(Dragon Toast) jumped to 127,128,1 in West Mining Outpost
ADMIN: LordZakida/(Dragon Toast) jumped to 127,128,1 in West Mining Outpost
GAME: SQL ERROR during player polling. Failed to connect.
SAY: Ian/ : Woof!
GAME: SQL ERROR during admin polling. Failed to connect.
ADMIN: LordZakida/(Dragon Toast) jumped to 16,223,4 in Space
ADMIN: LordZakida/(Dragon Toast) spawned /obj/critter/spesscarp at (16,223,4)
ADMIN: LordZakida/(Dragon Toast) jumped to 20,217,4 in Mining station
ADMIN: LordZakida/(Dragon Toast) jumped to 20,216,4 in Mining station
ADMIN: LordZakida/(Dragon Toast) deleted Spess Carp at (19,218,4)
ADMIN: LordZakida/(Dragon Toast) jumped to 21,213,4 in Mining station
ADMIN: LordZakida/(Dragon Toast) spawned /obj/item/weapon/teleportation_scroll at (20,213,4)
ADMIN: LordZakida/(Dragon Toast) jumped to Derelict Mining Power Room
ADMIN: LordZakida/(Dragon Toast) jumped to Derelict Mining Station
ADMIN: LordZakida/(Dragon Toast) jumped to Derelict Mining Station
ADMIN: LordZakida/(Dragon Toast) spawned /obj/item/weapon/cable_coil/yellow at (59,127,4)
ADMIN: LordZakida/(Dragon Toast) jumped to The ShitHub
ADMIN: LordZakida/(Dragon Toast) jumped to Ruskie DJ Station
ADMIN: LordZakida/(Dragon Toast) jumped to 184,277,5 in Ruskie DJ Station
ADMIN: LordZakida/(Dragon Toast) healed / revived LordZakida/(Dragon Toast)
ADMIN: LordZakida/(Dragon Toast) jumped to Terralabs Storage
ADMIN: LordZakida/(Dragon Toast) healed / revived LordZakida/(Dragon Toast)
ADMIN: LordZakida/(Dragon Toast) created an EM Pulse (6,6) at (179,132,4)
ADMIN: LordZakida/(Dragon Toast) created an EM Pulse (5,6) at (187,127,4)
ADMIN: LordZakida/(Dragon Toast) created an EM Pulse (5,10) at (178,127,4)
ADMIN: LordZakida/(Dragon Toast) created an EM Pulse (6,8) at (170,130,4)
GAME: SQL ERROR during player polling. Failed to connect.
ADMIN: LordZakida/(Dragon Toast) spawned /obj/item/weapon/card/id/captains_spare at (188,126,4)
GAME: SQL ERROR during admin polling. Failed to connect.
ADMIN: LordZakida/(Dragon Toast) healed / revived LordZakida/(Dragon Toast)
ADMIN: LordZakida/(Dragon Toast) spawned /obj/item/device/t_scanner at (189,126,4)
ADMIN: LordZakida/(Dragon Toast) jumped to 185,134,4 in Terralabs Storage
ADMIN: LordZakida/(Dragon Toast) jumped to 183,135,4 in Terralabs
ADMIN: LordZakida/(Dragon Toast) jumped to 185,131,4 in Terralabs Storage
GAME: SQL ERROR during player polling. Failed to connect.
SAY: Ian/ : AUUUUUU
GAME: SQL ERROR during admin polling. Failed to connect.
ACCESS: Logout: LordZakida/(Dragon Toast)


Starting up. 23:52.46
---------------------


ADMIN: Loading jobban_rank
ADMIN: Updating jobbanfile!
ADMIN: Loading Banlist
ACCESS: Logout: LordZakida/(LordZakida)
ADMIN: LordZakida/(LordZakida) delayed the game.
ADMIN: LordZakida/(LordZakida) removed the delay.
ACCESS: Logout: *no client*/(LordZakida)
ACCESS: Login: LordZakida/(Dragon Toast) from 127.0.0.1
ADMIN: LordZakida/(Dragon Toast) jumped to Geostation
SAY: Ian/ : YAP
ADMIN: LordZakida/(Dragon Toast) jumped to Arrival Shuttle
ADMIN: LordZakida/(Dragon Toast) jumped to 104,192,1 in Arrivals
SAY: Ian/ : Woof!
ADMIN: LordZakida/(Dragon Toast) jumped to 127,128,1 in West Mining Outpost
ADMIN: LordZakida/(Dragon Toast) jumped to Quartermasters
GAME: SQL ERROR during player polling. Failed to connect.
ACCESS: Logout: LordZakida/(Dragon Toast)
